<?xml version="1.0" encoding="UTF-8"?>
<!-- Generated by org.testng.reporters.JUnitReportReporter -->
<testsuite hostname="LAPTOP-T334RFOK" failures="0" tests="1" name="com.maven.practice.LoginPage" time="8.950" errors="0" timestamp="2023-11-27T21:51:04 IST" skipped="0">
  <testcase classname="com.maven.practice.LoginPage" name="CustomerLogin" time="8.950"/>
  <system-out>
    <![CDATA[CustomerLoginExecution is pass
BankManagerLoginExecution is pass]]>
  </system-out>
</testsuite> <!-- com.maven.practice.LoginPage -->
